0 info it worked if it ends with ok
1 verbose cli [ '/usr/local/bin/node', '/usr/local/bin/npm', 'run', 'demo' ]
2 info using npm@4.1.2
3 info using node@v6.2.0
4 verbose run-script [ 'predemo', 'demo', 'postdemo' ]
5 info lifecycle poker-holdem-engine@2.0.4~predemo: poker-holdem-engine@2.0.4
6 silly lifecycle poker-holdem-engine@2.0.4~predemo: no script for predemo, continuing
7 info lifecycle poker-holdem-engine@2.0.4~demo: poker-holdem-engine@2.0.4
8 verbose lifecycle poker-holdem-engine@2.0.4~demo: unsafe-perm in lifecycle true
9 verbose lifecycle poker-holdem-engine@2.0.4~demo: PATH: /usr/local/lib/node_modules/npm/bin/node-gyp-bin:/home/cal/projects/poker-holdem-engine/node_modules/.bin:/home/cal/anaconda3/bin:/usr/local/sbin:/usr/local/bin:/usr/sbin:/usr/bin:/sbin:/bin:/usr/games:/usr/local/games:/opt/android-sdk/tools:/opt/android-sdk/platform-tools:/opt/node/bin:/opt/gradle/bin
10 verbose lifecycle poker-holdem-engine@2.0.4~demo: CWD: /home/cal/projects/poker-holdem-engine
11 silly lifecycle poker-holdem-engine@2.0.4~demo: Args: [ '-c', 'node demo' ]
12 silly lifecycle poker-holdem-engine@2.0.4~demo: Returned: code: 1  signal: null
13 info lifecycle poker-holdem-engine@2.0.4~demo: Failed to exec demo script
14 verbose stack Error: poker-holdem-engine@2.0.4 demo: `node demo`
14 verbose stack Exit status 1
14 verbose stack     at EventEmitter.<anonymous> (/usr/local/lib/node_modules/npm/lib/utils/lifecycle.js:279:16)
14 verbose stack     at emitTwo (events.js:106:13)
14 verbose stack     at EventEmitter.emit (events.js:191:7)
14 verbose stack     at ChildProcess.<anonymous> (/usr/local/lib/node_modules/npm/lib/utils/spawn.js:40:14)
14 verbose stack     at emitTwo (events.js:106:13)
14 verbose stack     at ChildProcess.emit (events.js:191:7)
14 verbose stack     at maybeClose (internal/child_process.js:850:16)
14 verbose stack     at Process.ChildProcess._handle.onexit (internal/child_process.js:215:5)
15 verbose pkgid poker-holdem-engine@2.0.4
16 verbose cwd /home/cal/projects/poker-holdem-engine
17 error Linux 4.2.0-42-generic
18 error argv "/usr/local/bin/node" "/usr/local/bin/npm" "run" "demo"
19 error node v6.2.0
20 error npm  v4.1.2
21 error code ELIFECYCLE
22 error poker-holdem-engine@2.0.4 demo: `node demo`
22 error Exit status 1
23 error Failed at the poker-holdem-engine@2.0.4 demo script 'node demo'.
23 error Make sure you have the latest version of node.js and npm installed.
23 error If you do, this is most likely a problem with the poker-holdem-engine package,
23 error not with npm itself.
23 error Tell the author that this fails on your system:
23 error     node demo
23 error You can get information on how to open an issue for this project with:
23 error     npm bugs poker-holdem-engine
23 error Or if that isn't available, you can get their info via:
23 error     npm owner ls poker-holdem-engine
23 error There is likely additional logging output above.
24 verbose exit [ 1, true ]
